Release 14.7 - xst P.20131013 (lin64)
Copyright (c) 1995-2013 Xilinx, Inc.  All rights reserved.
--> 
Parameter TMPDIR set to xst/projnav.tmp


Total REAL time to Xst completion: 0.00 secs
Total CPU time to Xst completion: 0.04 secs
 
--> 
Parameter xsthdpdir set to xst


Total REAL time to Xst completion: 0.00 secs
Total CPU time to Xst completion: 0.04 secs
 
--> 
Reading design: cam_read.prj

TABLE OF CONTENTS
  1) Synthesis Options Summary
  2) HDL Parsing
  3) HDL Elaboration
  4) HDL Synthesis
       4.1) HDL Synthesis Report
  5) Advanced HDL Synthesis
       5.1) Advanced HDL Synthesis Report
  6) Low Level Synthesis
  7) Partition Report
  8) Design Summary
       8.1) Primitive and Black Box Usage
       8.2) Device utilization summary
       8.3) Partition Resource Summary
       8.4) Timing Report
            8.4.1) Clock Information
            8.4.2) Asynchronous Control Signals Information
            8.4.3) Timing Summary
            8.4.4) Timing Details
            8.4.5) Cross Clock Domains Report


=========================================================================
*                      Synthesis Options Summary                        *
=========================================================================
---- Source Parameters
Input File Name                    : "cam_read.prj"
Ignore Synthesis Constraint File   : NO

---- Target Parameters
Output File Name                   : "cam_read"
Output Format                      : NGC
Target Device                      : xc7a100t-3-csg324

---- Source Options
Top Module Name                    : cam_read
Automatic FSM Extraction           : YES
FSM Encoding Algorithm             : Auto
Safe Implementation                : No
FSM Style                          : LUT
RAM Extraction                     : Yes
RAM Style                          : Auto
ROM Extraction                     : Yes
Shift Register Extraction          : YES
ROM Style                          : Auto
Resource Sharing                   : YES
Asynchronous To Synchronous        : NO
Shift Register Minimum Size        : 2
Use DSP Block                      : Auto
Automatic Register Balancing       : No

---- Target Options
LUT Combining                      : Auto
Reduce Control Sets                : Auto
Add IO Buffers                     : YES
Global Maximum Fanout              : 100000
Add Generic Clock Buffer(BUFG)     : 16
Register Duplication               : YES
Optimize Instantiated Primitives   : NO
Use Clock Enable                   : Auto
Use Synchronous Set                : Auto
Use Synchronous Reset              : Auto
Pack IO Registers into IOBs        : Auto
Equivalent register Removal        : YES

---- General Options
Optimization Goal                  : Speed
Optimization Effort                : 1
Power Reduction                    : NO
Keep Hierarchy                     : No
Netlist Hierarchy                  : As_Optimized
RTL Output                         : Yes
Global Optimization                : AllClockNets
Read Cores                         : YES
Write Timing Constraints           : NO
Cross Clock Analysis               : NO
Hierarchy Separator                : /
Bus Delimiter                      : <>
Case Specifier                     : Maintain
Slice Utilization Ratio            : 100
BRAM Utilization Ratio             : 100
DSP48 Utilization Ratio            : 100
Auto BRAM Packing                  : NO
Slice Utilization Ratio Delta      : 5

=========================================================================


=========================================================================
*                          HDL Parsing                                  *
=========================================================================
Analyzing Verilog file "/home/jhonathann/Escritorio/Digital 2/Proyecto digital 2/work02-simulation-grupo_1/hw/src/cam_read.v" into library work
Parsing module <cam_read>.

=========================================================================
*                            HDL Elaboration                            *
=========================================================================

Elaborating module <cam_read>.
WARNING:HDLCompiler:413 - "/home/jhonathann/Escritorio/Digital 2/Proyecto digital 2/work02-simulation-grupo_1/hw/src/cam_read.v" Line 59: Result of 16-bit expression is truncated to fit in 15-bit target.

=========================================================================
*                           HDL Synthesis                               *
=========================================================================

Synthesizing Unit <cam_read>.
    Related source file is "/home/jhonathann/Escritorio/Digital 2/Proyecto digital 2/work02-simulation-grupo_1/hw/src/cam_read.v".
        AW = 15
WARNING:Xst:647 - Input <px_data<3:2>> is never used. This port will be preserved and left unconnected if it belongs to a top-level block or it belongs to a sub-block and the hierarchy of this sub-block is preserved.
WARNING:Xst:647 - Input <px_data<7:7>> is never used. This port will be preserved and left unconnected if it belongs to a top-level block or it belongs to a sub-block and the hierarchy of this sub-block is preserved.
WARNING:Xst:647 - Input <rst> is never used. This port will be preserved and left unconnected if it belongs to a top-level block or it belongs to a sub-block and the hierarchy of this sub-block is preserved.
    Found 1-bit register for signal <countData>.
    Found 1-bit register for signal <px_wr>.
    Found 15-bit register for signal <mem_px_addr>.
    Found 8-bit register for signal <mem_px_data>.
    Found 15-bit adder for signal <mem_px_addr[14]_GND_1_o_add_3_OUT> created at line 59.
    Summary:
	inferred   1 Adder/Subtractor(s).
	inferred  25 D-type flip-flop(s).
	inferred   8 Multiplexer(s).
Unit <cam_read> synthesized.

=========================================================================
HDL Synthesis Report

Macro Statistics
# Adders/Subtractors                                   : 1
 15-bit adder                                          : 1
# Registers                                            : 4
 1-bit register                                        : 2
 15-bit register                                       : 1
 8-bit register                                        : 1
# Multiplexers                                         : 8
 1-bit 2-to-1 multiplexer                              : 8

=========================================================================

=========================================================================
*                       Advanced HDL Synthesis                          *
=========================================================================


Synthesizing (advanced) Unit <cam_read>.
The following registers are absorbed into counter <mem_px_addr>: 1 register on signal <mem_px_addr>.
Unit <cam_read> synthesized (advanced).

=========================================================================
Advanced HDL Synthesis Report

Macro Statistics
# Counters                                             : 1
 15-bit up counter                                     : 1
# Registers                                            : 10
 Flip-Flops                                            : 10
# Multiplexers                                         : 8
 1-bit 2-to-1 multiplexer                              : 8

=========================================================================

=========================================================================
*                         Low Level Synthesis                           *
=========================================================================

Optimizing unit <cam_read> ...

Mapping all equations...
Building and optimizing final netlist ...
Found area constraint ratio of 100 (+ 5) on block cam_read, actual ratio is 0.

Final Macro Processing ...

=========================================================================
Final Register Report

Macro Statistics
# Registers                                            : 25
 Flip-Flops                                            : 25

=========================================================================

=========================================================================
*                           Partition Report                            *
=========================================================================

Partition Implementation Status
-------------------------------

  No Partitions were found in this design.

-------------------------------

=========================================================================
*                            Design Summary                             *
=========================================================================

Top Level Output File Name         : cam_read.ngc

Primitive and Black Box Usage:
------------------------------
# BELS                             : 58
#      GND                         : 1
#      INV                         : 1
#      LUT1                        : 14
#      LUT2                        : 2
#      LUT3                        : 10
#      MUXCY                       : 14
#      VCC                         : 1
#      XORCY                       : 15
# FlipFlops/Latches                : 25
#      FD                          : 2
#      FDE                         : 8
#      FDRE                        : 15
# Clock Buffers                    : 1
#      BUFGP                       : 1
# IO Buffers                       : 31
#      IBUF                        : 7
#      OBUF                        : 24

Device utilization summary:
---------------------------

Selected Device : 7a100tcsg324-3 


Slice Logic Utilization: 
 Number of Slice Registers:              25  out of  126800     0%  
 Number of Slice LUTs:                   27  out of  63400     0%  
    Number used as Logic:                27  out of  63400     0%  

Slice Logic Distribution: 
 Number of LUT Flip Flop pairs used:     27
   Number with an unused Flip Flop:       2  out of     27     7%  
   Number with an unused LUT:             0  out of     27     0%  
   Number of fully used LUT-FF pairs:    25  out of     27    92%  
   Number of unique control sets:         3

IO Utilization: 
 Number of IOs:                          36
 Number of bonded IOBs:                  32  out of    210    15%  

Specific Feature Utilization:
 Number of BUFG/BUFGCTRLs:                1  out of     32     3%  

---------------------------
Partition Resource Summary:
---------------------------

  No Partitions were found in this design.

---------------------------


=========================================================================
Timing Report

NOTE: THESE TIMING NUMBERS ARE ONLY A SYNTHESIS ESTIMATE.
      FOR ACCURATE TIMING INFORMATION PLEASE REFER TO THE TRACE REPORT
      GENERATED AFTER PLACE-and-ROUTE.

Clock Information:
------------------
-----------------------------------+------------------------+-------+
Clock Signal                       | Clock buffer(FF name)  | Load  |
-----------------------------------+------------------------+-------+
pclk                               | BUFGP                  | 25    |
-----------------------------------+------------------------+-------+

Asynchronous Control Signals Information:
----------------------------------------
No asynchronous control signals found in this design

Timing Summary:
---------------
Speed Grade: -3

   Minimum period: 1.788ns (Maximum Frequency: 559.441MHz)
   Minimum input arrival time before clock: 0.962ns
   Maximum output required time after clock: 0.650ns
   Maximum combinational path delay: No path found

Timing Details:
---------------
All values displayed in nanoseconds (ns)

=========================================================================
Timing constraint: Default period analysis for Clock 'pclk'
  Clock period: 1.788ns (frequency: 559.441MHz)
  Total number of paths / destination ports: 156 / 40
-------------------------------------------------------------------------
Delay:               1.788ns (Levels of Logic = 16)
  Source:            mem_px_addr_0 (FF)
  Destination:       mem_px_addr_14 (FF)
  Source Clock:      pclk rising
  Destination Clock: pclk rising

  Data Path: mem_px_addr_0 to mem_px_addr_14
                                Gate     Net
    Cell:in->out      fanout   Delay   Delay  Logical Name (Net Name)
    ----------------------------------------  ------------
     FDRE:C->Q             2   0.361   0.283  mem_px_addr_0 (mem_px_addr_0)
     INV:I->O              1   0.113   0.000  Mcount_mem_px_addr_lut<0>_INV_0 (Mcount_mem_px_addr_lut<0>)
     MUXCY:S->O            1   0.353   0.000  Mcount_mem_px_addr_cy<0> (Mcount_mem_px_addr_cy<0>)
     MUXCY:CI->O           1   0.023   0.000  Mcount_mem_px_addr_cy<1> (Mcount_mem_px_addr_cy<1>)
     MUXCY:CI->O           1   0.023   0.000  Mcount_mem_px_addr_cy<2> (Mcount_mem_px_addr_cy<2>)
     MUXCY:CI->O           1   0.023   0.000  Mcount_mem_px_addr_cy<3> (Mcount_mem_px_addr_cy<3>)
     MUXCY:CI->O           1   0.023   0.000  Mcount_mem_px_addr_cy<4> (Mcount_mem_px_addr_cy<4>)
     MUXCY:CI->O           1   0.023   0.000  Mcount_mem_px_addr_cy<5> (Mcount_mem_px_addr_cy<5>)
     MUXCY:CI->O           1   0.023   0.000  Mcount_mem_px_addr_cy<6> (Mcount_mem_px_addr_cy<6>)
     MUXCY:CI->O           1   0.023   0.000  Mcount_mem_px_addr_cy<7> (Mcount_mem_px_addr_cy<7>)
     MUXCY:CI->O           1   0.023   0.000  Mcount_mem_px_addr_cy<8> (Mcount_mem_px_addr_cy<8>)
     MUXCY:CI->O           1   0.023   0.000  Mcount_mem_px_addr_cy<9> (Mcount_mem_px_addr_cy<9>)
     MUXCY:CI->O           1   0.023   0.000  Mcount_mem_px_addr_cy<10> (Mcount_mem_px_addr_cy<10>)
     MUXCY:CI->O           1   0.023   0.000  Mcount_mem_px_addr_cy<11> (Mcount_mem_px_addr_cy<11>)
     MUXCY:CI->O           1   0.023   0.000  Mcount_mem_px_addr_cy<12> (Mcount_mem_px_addr_cy<12>)
     MUXCY:CI->O           0   0.023   0.000  Mcount_mem_px_addr_cy<13> (Mcount_mem_px_addr_cy<13>)
     XORCY:CI->O           1   0.370   0.000  Mcount_mem_px_addr_xor<14> (Result<14>)
     FDRE:D                    0.008          mem_px_addr_14
    ----------------------------------------
    Total                      1.788ns (1.504ns logic, 0.283ns route)
                                       (84.1% logic, 15.9% route)

=========================================================================
Timing constraint: Default OFFSET IN BEFORE for Clock 'pclk'
  Total number of paths / destination ports: 55 / 45
-------------------------------------------------------------------------
Offset:              0.962ns (Levels of Logic = 2)
  Source:            vsync (PAD)
  Destination:       mem_px_data_0 (FF)
  Destination Clock: pclk rising

  Data Path: vsync to mem_px_data_0
                                Gate     Net
    Cell:in->out      fanout   Delay   Delay  Logical Name (Net Name)
    ----------------------------------------  ------------
     IBUF:I->O            18   0.001   0.458  vsync_IBUF (vsync_IBUF)
     LUT2:I0->O            8   0.097   0.311  _n0054_inv1 (_n0054_inv)
     FDE:CE                    0.095          mem_px_data_0
    ----------------------------------------
    Total                      0.962ns (0.193ns logic, 0.769ns route)
                                       (20.1% logic, 79.9% route)

=========================================================================
Timing constraint: Default OFFSET OUT AFTER for Clock 'pclk'
  Total number of paths / destination ports: 24 / 24
-------------------------------------------------------------------------
Offset:              0.650ns (Levels of Logic = 1)
  Source:            mem_px_data_7 (FF)
  Destination:       mem_px_data<7> (PAD)
  Source Clock:      pclk rising

  Data Path: mem_px_data_7 to mem_px_data<7>
                                Gate     Net
    Cell:in->out      fanout   Delay   Delay  Logical Name (Net Name)
    ----------------------------------------  ------------
     FDE:C->Q              3   0.361   0.289  mem_px_data_7 (mem_px_data_7)
     OBUF:I->O                 0.000          mem_px_data_7_OBUF (mem_px_data<7>)
    ----------------------------------------
    Total                      0.650ns (0.361ns logic, 0.289ns route)
                                       (55.5% logic, 44.5% route)

=========================================================================

Cross Clock Domains Report:
--------------------------

Clock to Setup on destination clock pclk
---------------+---------+---------+---------+---------+
               | Src:Rise| Src:Fall| Src:Rise| Src:Fall|
Source Clock   |Dest:Rise|Dest:Rise|Dest:Fall|Dest:Fall|
---------------+---------+---------+---------+---------+
pclk           |    1.788|         |         |         |
---------------+---------+---------+---------+---------+

=========================================================================


Total REAL time to Xst completion: 8.00 secs
Total CPU time to Xst completion: 7.52 secs
 
--> 


Total memory usage is 496468 kilobytes

Number of errors   :    0 (   0 filtered)
Number of warnings :    4 (   0 filtered)
Number of infos    :    0 (   0 filtered)

